<?xml version="1.0" encoding="UTF-8"?>
<!-- Generated by org.testng.reporters.JUnitReportReporter -->
<testsuite skipped="0" hostname="ORIXVSBLT0067" name="parallel.UIRunner" tests="10" failures="0" timestamp="2022-12-06T15:42:09 IST" time="187.584" errors="0">
  <testcase name="runScenario" time="38.771" classname="parallel.UIRunner"/>
  <system-out>
    <![CDATA[<br><img src='C:\OLD-2-NEW\API\API_Training_B51\API_automation_training\UI-Automation_Framework\src\main\resources20221206_154056.png' height='700' width='900'/><br>
<br><img src='C:\OLD-2-NEW\API\API_Training_B51\API_automation_training\UI-Automation_Framework\src\main\resources20221206_154105.png' height='700' width='900'/><br>
<br><img src='C:\OLD-2-NEW\API\API_Training_B51\API_automation_training\UI-Automation_Framework\src\main\resources20221206_154108.png' height='700' width='900'/><br>]]>
  </system-out>
  <testcase name="runScenario" time="11.211" classname="parallel.UIRunner"/>
  <system-out/>
  <testcase name="runScenario" time="10.477" classname="parallel.UIRunner"/>
  <system-out/>
  <testcase name="runScenario" time="23.035" classname="parallel.UIRunner"/>
  <system-out/>
  <testcase name="runScenario" time="37.350" classname="parallel.UIRunner"/>
  <system-out>
    <![CDATA[<br><img src='C:\OLD-2-NEW\API\API_Training_B51\API_automation_training\UI-Automation_Framework\src\main\resources20221206_154055.png' height='700' width='900'/><br>
<br><img src='C:\OLD-2-NEW\API\API_Training_B51\API_automation_training\UI-Automation_Framework\src\main\resources20221206_154104.png' height='700' width='900'/><br>
<br><img src='C:\OLD-2-NEW\API\API_Training_B51\API_automation_training\UI-Automation_Framework\src\main\resources20221206_154107.png' height='700' width='900'/><br>]]>
  </system-out>
  <testcase name="runScenario" time="15.139" classname="parallel.UIRunner"/>
  <system-out/>
  <testcase name="runScenario" time="14.138" classname="parallel.UIRunner"/>
  <system-out/>
  <testcase name="runScenario" time="7.196" classname="parallel.UIRunner"/>
  <system-out/>
  <testcase name="runScenario" time="7.221" classname="parallel.UIRunner"/>
  <system-out/>
  <testcase name="runScenario" time="23.046" classname="parallel.UIRunner"/>
  <system-out/>
</testsuite> <!-- parallel.UIRunner -->
